2026-02-06 14:35:43,992 NanoPlot 1.44.1 started with arguments Namespace(threads=4, verbose=False, store=False, raw=False, huge=False, outdir='Analysis/01_qc/nanoplotpostqc', no_static=False, prefix='', tsv_stats=False, only_report=False, info_in_report=False, maxlength=None, minlength=None, drop_outliers=False, downsample=None, loglength=False, percentqual=False, alength=False, minqual=None, runtime_until=None, readtype='1D', barcoded=False, no_supplementary=False, color='#4CB391', colormap='Greens', format=['png'], plots=['kde', 'dot'], legacy=None, listcolors=False, listcolormaps=False, no_N50=False, N50=False, title=None, font_scale=1, dpi=100, hide_stats=False, fastq=['Data/prueba.L1000.Q7.fastq.gz'], fasta=None, fastq_rich=None, fastq_minimal=None, summary=None, bam=None, ubam=None, cram=None, pickle=None, feather=None, path='Analysis/01_qc/nanoplotpostqc/')
2026-02-06 14:35:43,993 Python version is: 3.12.11 | packaged by conda-forge | (main, Jun  4 2025, 14:45:31) [GCC 13.3.0]
2026-02-06 14:35:44,017 Nanoget: Starting to collect statistics from plain fastq file.
2026-02-06 14:35:44,018 Nanoget: Decompressing gzipped fastq Data/prueba.L1000.Q7.fastq.gz
2026-02-06 14:35:58,673 Reduced DataFrame memory usage from 0.5490913391113281Mb to 0.5490913391113281Mb
2026-02-06 14:35:58,695 Nanoget: Gathered all metrics of 35977 reads
2026-02-06 14:35:58,746 Calculated statistics
2026-02-06 14:35:58,747 Using sequenced read lengths for plotting.
2026-02-06 14:35:58,752 NanoPlot:  Valid color #4CB391.
2026-02-06 14:35:58,752 NanoPlot:  Valid colormap Greens.
2026-02-06 14:35:58,755 NanoPlot:  Creating length plots for Read length.
2026-02-06 14:35:58,756 NanoPlot:  Using 35977 reads maximum of 40044bp.
2026-02-06 14:36:00,124 Saved Analysis/01_qc/nanoplotpostqc/WeightedHistogramReadlength  as png (or png for --legacy)
2026-02-06 14:36:01,302 Saved Analysis/01_qc/nanoplotpostqc/WeightedLogTransformed_HistogramReadlength  as png (or png for --legacy)
2026-02-06 14:36:02,436 Saved Analysis/01_qc/nanoplotpostqc/Non_weightedHistogramReadlength  as png (or png for --legacy)
2026-02-06 14:36:03,587 Saved Analysis/01_qc/nanoplotpostqc/Non_weightedLogTransformed_HistogramReadlength  as png (or png for --legacy)
2026-02-06 14:36:03,587 NanoPlot: Creating yield by minimal length plot for Read length.
2026-02-06 14:36:04,988 Saved Analysis/01_qc/nanoplotpostqc/Yield_By_Length  as png (or png for --legacy)
2026-02-06 14:36:04,988 Created length plots
2026-02-06 14:36:04,991 NanoPlot: Creating Read lengths vs Average read quality plots using 35977 reads.
2026-02-06 14:36:06,419 Saved Analysis/01_qc/nanoplotpostqc/LengthvsQualityScatterPlot_dot  as png (or png for --legacy)
2026-02-06 14:36:07,742 Saved Analysis/01_qc/nanoplotpostqc/LengthvsQualityScatterPlot_kde  as png (or png for --legacy)
2026-02-06 14:36:07,743 Created LengthvsQual plot
2026-02-06 14:36:07,744 Writing html report.
2026-02-06 14:36:07,772 Finished!
